
 Error Code42S02 ErrorDetail Table 'house_management.aadmin' doesn't exist on occured at Wed08-06-202206:21:03AM in file E:\wamp64\www\home\admin\inc\verify_admin.php at lineno 0
 Error Code42S02 ErrorDetail Table 'house_management.aadmin' doesn't exist on occured at Wed08-06-202206:21:14AM in file E:\wamp64\www\home\admin\inc\verify_admin.php at lineno 0
 Error Code42S02 ErrorDetail Table 'house_management.aadmin' doesn't exist on occured at Wed08-06-202206:21:17AM in file E:\wamp64\www\home\admin\inc\verify_admin.php at lineno 0
 Error Code42S02 ErrorDetail Table 'house_management.aadmin' doesn't exist on occured at Wed08-06-202206:21:24AM in file E:\wamp64\www\home\admin\inc\verify_admin.php at lineno 0
 Error Code42S02 ErrorDetail Table 'house_management.aadmin' doesn't exist on occured at Wed08-06-202206:22:23AM in file E:\wamp64\www\home\admin\inc\verify_admin.php at lineno 0
 Error Code42S02 ErrorDetail Table 'house_management.aadmin' doesn't exist on occured at Wed08-06-202206:22:37AM in file E:\wamp64\www\home\admin\inc\verify_admin.php at lineno 0
 Error CodeHY093 ErrorDetail  on occured at Mon13-06-202209:33:24AM in file E:\wamp64\www\home\admin\submit\insert_category.php at lineno 0
 Error CodeHY093 ErrorDetail  on occured at Mon13-06-202209:34:25AM in file E:\wamp64\www\home\admin\submit\insert_category.php at lineno 0
 Error CodeHY093 ErrorDetail  on occured at Mon13-06-202209:35:05AM in file E:\wamp64\www\home\admin\submit\insert_category.php at lineno 0
 Error Code42000 ErrorDetail You have an error in your SQL syntax; check the manual that corresponds to your MySQL server version for the right syntax to use near 'form category' at line 1 on occured at Mon13-06-202209:44:13AM in file E:\wamp64\www\home\admin\category_management.php at lineno 0
 Error Code42000 ErrorDetail You have an error in your SQL syntax; check the manual that corresponds to your MySQL server version for the right syntax to use near 'form category' at line 1 on occured at Mon13-06-202209:44:16AM in file E:\wamp64\www\home\admin\category_management.php at lineno 0
 Error Code42000 ErrorDetail You have an error in your SQL syntax; check the manual that corresponds to your MySQL server version for the right syntax to use near 'form category' at line 1 on occured at Mon13-06-202209:44:24AM in file E:\wamp64\www\home\admin\category_management.php at lineno 0
 Error Code42000 ErrorDetail You have an error in your SQL syntax; check the manual that corresponds to your MySQL server version for the right syntax to use near 'form category' at line 1 on occured at Mon13-06-202209:44:24AM in file E:\wamp64\www\home\admin\category_management.php at lineno 0
 Error Code42000 ErrorDetail You have an error in your SQL syntax; check the manual that corresponds to your MySQL server version for the right syntax to use near 'form category' at line 1 on occured at Mon13-06-202209:44:47AM in file E:\wamp64\www\home\admin\category_management.php at lineno 0
 Error Code42000 ErrorDetail You have an error in your SQL syntax; check the manual that corresponds to your MySQL server version for the right syntax to use near 'form category order by id desc' at line 1 on occured at Mon13-06-202209:47:22AM in file E:\wamp64\www\home\admin\category_management.php at lineno 0
 Error Code42000 ErrorDetail You have an error in your SQL syntax; check the manual that corresponds to your MySQL server version for the right syntax to use near 'form category order by id desc' at line 1 on occured at Mon13-06-202209:47:53AM in file E:\wamp64\www\home\admin\category_management.php at lineno 0
 Error Code42000 ErrorDetail You have an error in your SQL syntax; check the manual that corresponds to your MySQL server version for the right syntax to use near 'form category order by id desc' at line 1 on occured at Mon13-06-202209:48:36AM in file E:\wamp64\www\home\admin\category_management.php at lineno 0
 Error Code42000 ErrorDetail You have an error in your SQL syntax; check the manual that corresponds to your MySQL server version for the right syntax to use near 'form category order by id desc' at line 1 on occured at Mon13-06-202209:49:12AM in file E:\wamp64\www\home\admin\category_management.php at lineno 0
 Error Code42000 ErrorDetail You have an error in your SQL syntax; check the manual that corresponds to your MySQL server version for the right syntax to use near 'form category order by id desc' at line 1 on occured at Mon13-06-202209:49:38AM in file E:\wamp64\www\home\admin\category_management.php at lineno 0
 Error Code42000 ErrorDetail You have an error in your SQL syntax; check the manual that corresponds to your MySQL server version for the right syntax to use near 'form category order by id desc' at line 1 on occured at Mon13-06-202209:49:59AM in file E:\wamp64\www\home\admin\category_management.php at lineno 0
 Error Code42000 ErrorDetail You have an error in your SQL syntax; check the manual that corresponds to your MySQL server version for the right syntax to use near 'form category order by id desc' at line 1 on occured at Mon13-06-202209:50:02AM in file E:\wamp64\www\home\admin\category_management.php at lineno 0
 Error Code42000 ErrorDetail You have an error in your SQL syntax; check the manual that corresponds to your MySQL server version for the right syntax to use near 'form category order by id desc' at line 1 on occured at Mon13-06-202209:50:04AM in file E:\wamp64\www\home\admin\category_management.php at lineno 0
 Error Code42000 ErrorDetail You have an error in your SQL syntax; check the manual that corresponds to your MySQL server version for the right syntax to use near 'form category order by id desc' at line 1 on occured at Mon13-06-202209:50:26AM in file E:\wamp64\www\home\admin\category_management.php at lineno 0
 Error Code42000 ErrorDetail You have an error in your SQL syntax; check the manual that corresponds to your MySQL server version for the right syntax to use near 'form category order by id desc' at line 1 on occured at Mon13-06-202209:50:28AM in file E:\wamp64\www\home\admin\category_management.php at lineno 0
 Error Code42000 ErrorDetail You have an error in your SQL syntax; check the manual that corresponds to your MySQL server version for the right syntax to use near 'form category order by id desc' at line 1 on occured at Mon13-06-202209:50:28AM in file E:\wamp64\www\home\admin\category_management.php at lineno 0
 Error Code42000 ErrorDetail You have an error in your SQL syntax; check the manual that corresponds to your MySQL server version for the right syntax to use near 'form category order by id desc' at line 1 on occured at Mon13-06-202209:50:31AM in file E:\wamp64\www\home\admin\category_management.php at lineno 0
 Error Code42000 ErrorDetail You have an error in your SQL syntax; check the manual that corresponds to your MySQL server version for the right syntax to use near 'form category order by id desc' at line 1 on occured at Mon13-06-202209:51:21AM in file E:\wamp64\www\home\admin\category_management.php at lineno 0
 Error Code42000 ErrorDetail You have an error in your SQL syntax; check the manual that corresponds to your MySQL server version for the right syntax to use near 'form category order by id desc' at line 1 on occured at Mon13-06-202209:51:35AM in file E:\wamp64\www\home\admin\category_management.php at lineno 0
 Error Code42000 ErrorDetail You have an error in your SQL syntax; check the manual that corresponds to your MySQL server version for the right syntax to use near 'form category order by id desc' at line 1 on occured at Mon13-06-202209:51:36AM in file E:\wamp64\www\home\admin\category_management.php at lineno 0
 Error Code42000 ErrorDetail You have an error in your SQL syntax; check the manual that corresponds to your MySQL server version for the right syntax to use near 'form category' at line 1 on occured at Mon13-06-202209:52:04AM in file E:\wamp64\www\home\admin\category_management.php at lineno 0
 Error Code42000 ErrorDetail You have an error in your SQL syntax; check the manual that corresponds to your MySQL server version for the right syntax to use near 'form category' at line 1 on occured at Mon13-06-202209:52:05AM in file E:\wamp64\www\home\admin\category_management.php at lineno 0
 Error Code42000 ErrorDetail You have an error in your SQL syntax; check the manual that corresponds to your MySQL server version for the right syntax to use near 'form category' at line 1 on occured at Mon13-06-202209:52:05AM in file E:\wamp64\www\home\admin\category_management.php at lineno 0
 Error Code42000 ErrorDetail You have an error in your SQL syntax; check the manual that corresponds to your MySQL server version for the right syntax to use near 'form category' at line 1 on occured at Mon13-06-202209:52:06AM in file E:\wamp64\www\home\admin\category_management.php at lineno 0
 Error Code42000 ErrorDetail You have an error in your SQL syntax; check the manual that corresponds to your MySQL server version for the right syntax to use near 'form category' at line 1 on occured at Mon13-06-202209:52:06AM in file E:\wamp64\www\home\admin\category_management.php at lineno 0
 Error Code42000 ErrorDetail You have an error in your SQL syntax; check the manual that corresponds to your MySQL server version for the right syntax to use near 'form category' at line 1 on occured at Mon13-06-202209:53:09AM in file E:\wamp64\www\home\admin\category_management.php at lineno 0
 Error Code42000 ErrorDetail You have an error in your SQL syntax; check the manual that corresponds to your MySQL server version for the right syntax to use near 'form category' at line 1 on occured at Mon13-06-202209:53:52AM in file E:\wamp64\www\home\admin\category_management.php at lineno 0
 Error Code42000 ErrorDetail You have an error in your SQL syntax; check the manual that corresponds to your MySQL server version for the right syntax to use near 'form category' at line 1 on occured at Mon13-06-202209:53:53AM in file E:\wamp64\www\home\admin\category_management.php at lineno 0
 Error Code42S02 ErrorDetail Table 'house_management.categroy' doesn't exist on occured at Fri17-06-202209:31:10AM in file E:\wamp64\www\home\admin\submit\edit_category.php at lineno 0
 Error Code42S22 ErrorDetail Unknown column 'descriptio' in 'field list' on occured at Fri17-06-202209:31:52AM in file E:\wamp64\www\home\admin\submit\edit_category.php at lineno 0
 Error Code42000 ErrorDetail You have an error in your SQL syntax; check the manual that corresponds to your MySQL server version for the right syntax to use near '?' at line 1 on occured at Thu23-06-202211:42:31AM in file E:\wamp64\www\home\admin\service_provider_detail.php at lineno 0
 Error Code42000 ErrorDetail You have an error in your SQL syntax; check the manual that corresponds to your MySQL server version for the right syntax to use near '?' at line 1 on occured at Thu23-06-202211:42:40AM in file E:\wamp64\www\home\admin\service_provider_detail.php at lineno 0
 Error Code42000 ErrorDetail You have an error in your SQL syntax; check the manual that corresponds to your MySQL server version for the right syntax to use near '?' at line 1 on occured at Thu23-06-202211:42:46AM in file E:\wamp64\www\home\admin\service_provider_detail.php at lineno 0
 Error Code42000 ErrorDetail You have an error in your SQL syntax; check the manual that corresponds to your MySQL server version for the right syntax to use near '?' at line 1 on occured at Sat25-06-202208:32:00AM in file E:\wamp64\www\home\admin\customer_detail.php at lineno 0
 Error Code42000 ErrorDetail You have an error in your SQL syntax; check the manual that corresponds to your MySQL server version for the right syntax to use near '?' at line 1 on occured at Sat25-06-202208:32:16AM in file E:\wamp64\www\home\admin\customer_detail.php at lineno 0